<?xml version="1.0" encoding="UTF-8"?>
<testng-results skipped="0" failed="0" ignored="0" total="1" passed="1">
  <reporter-output>
  </reporter-output>
  <suite name="Suite" duration-ms="15246" started-at="2018-03-27T03:08:53Z" finished-at="2018-03-27T03:09:08Z">
    <groups>
    </groups>
    <test name="Test" duration-ms="15246" started-at="2018-03-27T03:08:53Z" finished-at="2018-03-27T03:09:08Z">
      <class name="testpackage.MecuryTours">
        <test-method status="PASS" signature="login()[pri:0, instance:testpackage.MecuryTours@604ed9f0]" name="login" duration-ms="15215" started-at="2018-03-26T20:08:53Z" finished-at="2018-03-26T20:09:08Z">
          <reporter-output>
          </reporter-output>
        </test-method> <!-- login -->
      </class> <!-- testpackage.MecuryTours -->
    </test> <!-- Test -->
  </suite> <!-- Suite -->
</testng-results>
